{
  "RSpec": {
    "coverage": {
      "/Users/drewproebstel/turing/rmodule/whether_sweater/config/environment.rb": {
        "lines": [
          null,
          1,
          null,
          null,
          1
        ]
      },
      "/Users/drewproebstel/turing/rmodule/whether_sweater/config/application.rb": {
        "lines": [
          1,
          null,
          1,
          null,
          1,
          1,
          1,
          1,
          1,
          1,
          1,
          1,
          null,
          null,
          null,
          null,
          null,
          1,
          null,
          1,
          1,
          null,
          1,
          null,
          null,
          null,
          null,
          null,
          null,
          null,
          null,
          null,
          1,
          null,
          null
        ]
      },
      "/Users/drewproebstel/turing/rmodule/whether_sweater/config/boot.rb": {
        "lines": [
          1,
          null,
          1,
          1
        ]
      },
      "/Users/drewproebstel/turing/rmodule/whether_sweater/config/environments/test.rb": {
        "lines": [
          1,
          null,
          null,
          null,
          null,
          null,
          null,
          1,
          null,
          null,
          null,
          null,
          1,
          null,
          null,
          1,
          1,
          null,
          null,
          null,
          null,
          1,
          1,
          null,
          null,
          1,
          null,
          null,
          1,
          null,
          null,
          1,
          null,
          1,
          null,
          null,
          null,
          null,
          1,
          null,
          null,
          1,
          null,
          null,
          null,
          null
        ]
      },
      "/Users/drewproebstel/turing/rmodule/whether_sweater/config/initializers/application_controller_renderer.rb": {
        "lines": [
          null,
          null,
          null,
          null,
          null,
          null,
          null,
          null
        ]
      },
      "/Users/drewproebstel/turing/rmodule/whether_sweater/config/initializers/backtrace_silencers.rb": {
        "lines": [
          null,
          null,
          null,
          null,
          null,
          null,
          null
        ]
      },
      "/Users/drewproebstel/turing/rmodule/whether_sweater/config/initializers/cors.rb": {
        "lines": [
          null,
          null,
          null,
          null,
          null,
          null,
          null,
          null,
          null,
          null,
          null,
          null,
          null,
          null,
          null,
          null
        ]
      },
      "/Users/drewproebstel/turing/rmodule/whether_sweater/config/initializers/filter_parameter_logging.rb": {
        "lines": [
          null,
          null,
          null,
          1
        ]
      },
      "/Users/drewproebstel/turing/rmodule/whether_sweater/config/initializers/inflections.rb": {
        "lines": [
          null,
          null,
          null,
          null,
          null,
          null,
          null,
          null,
          null,
          null,
          null,
          null,
          null,
          null,
          null,
          null
        ]
      },
      "/Users/drewproebstel/turing/rmodule/whether_sweater/config/initializers/mime_types.rb": {
        "lines": [
          null,
          null,
          null,
          null
        ]
      },
      "/Users/drewproebstel/turing/rmodule/whether_sweater/config/initializers/wrap_parameters.rb": {
        "lines": [
          null,
          null,
          null,
          null,
          null,
          null,
          1,
          1,
          null,
          null,
          null,
          null,
          null,
          null
        ]
      },
      "/Users/drewproebstel/turing/rmodule/whether_sweater/config/routes.rb": {
        "lines": [
          1,
          1,
          1,
          1,
          null,
          null,
          null
        ]
      },
      "/Users/drewproebstel/turing/rmodule/whether_sweater/app/facades/forecast_facade.rb": {
        "lines": [
          1,
          1,
          1,
          1,
          1,
          5,
          null,
          1,
          8,
          null,
          1,
          null,
          null
        ]
      },
      "/Users/drewproebstel/turing/rmodule/whether_sweater/spec/facades/map_quest_facade_spec.rb": {
        "lines": [
          1,
          null,
          1,
          1,
          1,
          1,
          null,
          1,
          1,
          1,
          null,
          null,
          null
        ]
      },
      "/Users/drewproebstel/turing/rmodule/whether_sweater/app/facades/map_quest_facade.rb": {
        "lines": [
          1,
          1,
          1,
          1,
          null,
          null
        ]
      },
      "/Users/drewproebstel/turing/rmodule/whether_sweater/spec/services/map_quest_service_spec.rb": {
        "lines": [
          1,
          1,
          1,
          1,
          null,
          1,
          1,
          1,
          1,
          null,
          null,
          null
        ]
      },
      "/Users/drewproebstel/turing/rmodule/whether_sweater/app/services/map_quest_service.rb": {
        "lines": [
          1,
          1,
          2,
          2,
          2,
          null,
          2,
          null,
          null
        ]
      },
      "/Users/drewproebstel/turing/rmodule/whether_sweater/app/services/forecast_service.rb": {
        "lines": [
          1,
          1,
          1,
          1,
          1,
          1,
          null,
          1,
          null,
          null
        ]
      },
      "/Users/drewproebstel/turing/rmodule/whether_sweater/app/poros/current_weather.rb": {
        "lines": [
          1,
          1,
          1,
          1,
          1,
          1,
          1,
          1,
          1,
          1,
          1,
          1,
          1,
          null,
          null,
          null
        ]
      },
      "/Users/drewproebstel/turing/rmodule/whether_sweater/app/poros/daily_weather.rb": {
        "lines": [
          1,
          1,
          1,
          5,
          5,
          5,
          5,
          5,
          5,
          5,
          null,
          null,
          null
        ]
      },
      "/Users/drewproebstel/turing/rmodule/whether_sweater/app/poros/hourly_weather.rb": {
        "lines": [
          1,
          1,
          1,
          8,
          8,
          8,
          8,
          8,
          null,
          null,
          null,
          null
        ]
      }
    },
    "timestamp": 1659935895
  }
}
